<?xml version="1.0" encoding="UTF-8"?>
<testsuite xmlns:xsi="http://www.w3.org/2001/XMLSchema-instance" xsi:noNamespaceSchemaLocation="https://maven.apache.org/surefire/maven-surefire-plugin/xsd/surefire-test-report-3.0.xsd" version="3.0" name="TestSuite" time="16.936" tests="4" errors="0" skipped="0" failures="1">
  <properties>
[...]
</properties>
  <testcase name="basepageNavigation" classname="academy.ValidateTitle" time="0.316">
    <failure message="expected:&lt;FEATURED COURSES&gt; but was:&lt;FEATURED COURSES123&gt;" type="java.lang.AssertionError"><![CDATA[java.lang.AssertionError: expected:<FEATURED COURSES> but was:<FEATURED COURSES123>
	at academy.ValidateTitle.basepageNavigation(ValidateTitle.java:45)
]]></failure>
    <system-err><![CDATA[SLF4J: Failed to load class "org.slf4j.impl.StaticLoggerBinder".
SLF4J: Defaulting to no-operation (NOP) logger implementation
SLF4J: See http://www.slf4j.org/codes.html#StaticLoggerBinder for further details.
Starting ChromeDriver 75.0.3770.140[[1596132Starting Ch2S9t1a.r1t1i6ng ChromeDriver 75.0.3770.140 (2d9f97485c7b07dc18a74666574f19176731995c-refs/branch-heads/377 1(2d9f][SEVERE]: bind() failed: Cannot assign requested address (99)
59r61322omeDriver 75.0.3770.140 (2d9f97485c7b07dc18a74666574f1917673199957c-4r85c7b07dc18a74666574f191767319991.096][SEVERE]: bind() failed: Cannot assign requested address (99)
[e155c9-6r1e3f2s2/9b1r.a0n9c7h]-[hSeEaVds/3770@{#1155}) on port 14450E
RfEs]/:b Obnilnydranch-heads(/)3 77f0a@i{#11550}@){#1155})  olocal connections are allowed.
Please protect ports used by ChromeDr on port 15239
Only local connections are allowed.
Please protect ports used by ChromeDiver and related test frameworks triver and related test frameworks to prevenln eporto 32520
Onl y lpreventt adccess by malicious code.
 o:c Caaclc ecsosn nbeyc tmiaolniasc iaorues  allnonwoetd .a
Pcleoadsee. 
protect ports used by ChromeDriver and related test frameworks to prevent access by malicious code.
ssign requested address (99)
Jul 30, 2020 11:34:53 PM org.openqa.selenium.remote.ProtocolHandshake createSession
INFO: Detected dialect: W3C
Jul 30, 2020 11:34:53 PM org.openqa.selenium.remote.ProtocolHandshake createSession
INFO: Detected dialect: W3C
Jul 30, 2020 11:34:53 PM org.openqa.selenium.remote.ProtocolHandshake createSession
INFO: Detected dialect: W3C
]]></system-err>
  </testcase>
  <testcase name="basepageNavigation" classname="academy.ValidateNavigationBar" time="0.271"/>
  <testcase name="basepageNavigation" classname="academy.HomePage" time="3.164"/>
  <testcase name="basepageNavigation" classname="academy.HomePage" time="3.3"/>
</testsuite>