-------------------------------------------------------------------------------
Test set: TestSuite
-------------------------------------------------------------------------------
Tests run: 4, Failures: 1, Errors: 0, Skipped: 0, Time elapsed: 16.936 s <<< FAILURE! - in TestSuite
academy.ValidateTitle.basepageNavigation  Time elapsed: 0.316 s  <<< FAILURE!
java.lang.AssertionError: expected:<FEATURED COURSES> but was:<FEATURED COURSES123>
	at academy.ValidateTitle.basepageNavigation(ValidateTitle.java:45)

