<?xml version="1.0" encoding="UTF-8"?>
<testsuite xmlns:xsi="http://www.w3.org/2001/XMLSchema-instance" xsi:noNamespaceSchemaLocation="https://maven.apache.org/surefire/maven-surefire-plugin/xsd/surefire-test-report-3.0.xsd" version="3.0" name="TestSuite" time="1.284" tests="4" errors="0" skipped="0" failures="0">
  <properties>
[...]
</properties>
  <testcase name="Desktop" classname="Daterange.MonthTest" time="0.009"/>
  <testcase name="Laptop" classname="Daterange.MonthTest" time="0"/>
  <testcase name="Bed" classname="Daterange.WeekTest" time="0"/>
  <testcase name="Table" classname="Daterange.WeekTest" time="0.001"/>
</testsuite>