<?xml version="1.0" encoding="UTF-8"?>
<testng-results skipped="0" failed="0" ignored="0" total="1" passed="1">
  <reporter-output>
  </reporter-output>
  <suite name="Default suite" duration-ms="8566" started-at="2020-07-21T22:39:23 IST" finished-at="2020-07-21T22:39:32 IST">
    <groups>
    </groups>
    <test name="Default test" duration-ms="8566" started-at="2020-07-21T22:39:23 IST" finished-at="2020-07-21T22:39:32 IST">
      <class name="testcase.Loginpage">
        <test-method status="PASS" signature="Login()[pri:0, instance:testcase.Loginpage@2bbf4b8b]" name="Login" duration-ms="8490" started-at="2020-07-21T22:39:23 IST" finished-at="2020-07-21T22:39:31 IST">
          <reporter-output>
          </reporter-output>
        </test-method> <!-- Login -->
      </class> <!-- testcase.Loginpage -->
    </test> <!-- Default test -->
  </suite> <!-- Default suite -->
</testng-results>
