<?xml version="1.0" encoding="UTF-8"?>
<!-- Generated by org.testng.reporters.JUnitXMLReporter -->
<testsuite hostname="abhishek" ignored="0" name="login" tests="4" failures="0" timestamp="2020-07-28T21:42:53 IST" time="12.915" errors="0">
  <testcase name="basepageNavigation" time="0.302" classname="academy.ValidateNavigationBar"/>
  <testcase name="basepageNavigation" time="0.165" classname="academy.ValidateTitle"/>
  <testcase name="basepageNavigation" time="6.658" classname="academy.HomePage"/>
  <testcase name="basepageNavigation" time="2.909" classname="academy.HomePage"/>
</testsuite> <!-- login -->
