<?xml version="1.0" encoding="UTF-8"?>
<!-- Generated by org.testng.reporters.JUnitXMLReporter -->
<testsuite hostname="abhishek" ignored="0" name="Default test" tests="4" failures="0" timestamp="2020-05-31T01:24:52 IST" time="0.075" errors="0">
  <testcase name="Mobile" time="0.01" classname="test.day3"/>
  <testcase name="Mobile" time="0.002" classname="test.day3"/>
  <testcase name="Mobile" time="0.002" classname="test.day3"/>
  <testcase name="Tv" time="0.002" classname="test.day3"/>
</testsuite> <!-- Default test -->
