<?xml version="1.0" encoding="UTF-8"?>
<!-- Generated by org.testng.reporters.JUnitXMLReporter -->
<testsuite hostname="abhishek" ignored="0" name="Test" tests="4" failures="0" timestamp="2020-07-17T17:57:24 IST" time="0.06" errors="0">
  <testcase name="Desktop" time="0.008" classname="Daterange.MonthTest"/>
  <testcase name="Laptop" time="0.001" classname="Daterange.MonthTest"/>
  <testcase name="Bed" time="0.0" classname="Daterange.WeekTest"/>
  <testcase name="Table" time="0.001" classname="Daterange.WeekTest"/>
</testsuite> <!-- Test -->
