<?xml version="1.0" encoding="UTF-8"?>
<testng-results skipped="0" failed="0" ignored="0" total="1" passed="1">
  <reporter-output>
  </reporter-output>
  <suite name="Suite" duration-ms="18145" started-at="2020-12-15T13:00:49 IST" finished-at="2020-12-15T13:01:07 IST">
    <groups>
      <group name="cucumber">
        <method signature="AbstractTestNGCucumberTests.feature(cucumber.api.testng.CucumberFeatureWrapper)[pri:0, instance:cucumberOptions.TestRunner@36f0f1be]" name="feature" class="cucumber.api.testng.AbstractTestNGCucumberTests"/>
      </group> <!-- cucumber -->
    </groups>
    <test name="validating user login" duration-ms="18145" started-at="2020-12-15T13:00:49 IST" finished-at="2020-12-15T13:01:07 IST">
      <class name="cucumberOptions.TestRunner">
        <test-method status="PASS" signature="setUpClass()[pri:0, instance:cucumberOptions.TestRunner@36f0f1be]" name="setUpClass" is-config="true" duration-ms="223" started-at="2020-12-15T13:00:49 IST" finished-at="2020-12-15T13:00:49 IST">
          <reporter-output>
          </reporter-output>
        </test-method> <!-- setUpClass -->
        <test-method status="PASS" signature="feature(cucumber.api.testng.CucumberFeatureWrapper)[pri:0, instance:cucumberOptions.TestRunner@36f0f1be]" name="feature" duration-ms="17763" started-at="2020-12-15T13:00:49 IST" description="Runs Cucumber Feature" data-provider="features" finished-at="2020-12-15T13:01:07 IST">
          <params>
            <param index="0">
              <value>
                <![CDATA[Login into application]]>
              </value>
            </param>
          </params>
          <reporter-output>
          </reporter-output>
        </test-method> <!-- feature -->
        <test-method status="PASS" signature="tearDownClass()[pri:0, instance:cucumberOptions.TestRunner@36f0f1be]" name="tearDownClass" is-config="true" duration-ms="11" started-at="2020-12-15T13:01:07 IST" finished-at="2020-12-15T13:01:07 IST">
          <reporter-output>
          </reporter-output>
        </test-method> <!-- tearDownClass -->
      </class> <!-- cucumberOptions.TestRunner -->
    </test> <!-- validating user login -->
  </suite> <!-- Suite -->
</testng-results>
