<?xml version="1.0" encoding="UTF-8"?>
<!-- Generated by org.testng.reporters.JUnitXMLReporter -->
<testsuite hostname="abhishek" ignored="0" name="Validating title in the page" tests="2" failures="1" timestamp="2020-07-30T23:35:00 IST" time="10.251" errors="0">
  <testcase name="basepageNavigation" time="0.262" classname="academy.ValidateTitle">
    <failure type="java.lang.AssertionError" message="expected:&amp;lt;FEATURED COURSES&amp;gt; but was:&amp;lt;FEATURED COURSES123&amp;gt;">
      <![CDATA[java.lang.AssertionError: expected:<FEATURED COURSES> but was:<FEATURED COURSES123>
at academy.ValidateTitle.basepageNavigation(ValidateTitle.java:45)
at java.util.ArrayList.forEach(ArrayList.java:1257)
at java.util.concurrent.FutureTask.run(FutureTask.java:266)
at java.util.concurrent.ThreadPoolExecutor.runWorker(ThreadPoolExecutor.java:1149)
at java.util.concurrent.ThreadPoolExecutor$Worker.run(ThreadPoolExecutor.java:624)
at java.lang.Thread.run(Thread.java:748)
... Removed 20 stack frames]]>
    </failure>
  </testcase> <!-- basepageNavigation -->
  <testcase name="basepageNavigation" time="0.27" classname="academy.ValidateNavigationBar"/>
</testsuite> <!-- Validating title in the page -->
