<?xml version="1.0" encoding="UTF-8"?>
<testng-results skipped="0" failed="0" ignored="0" total="2" passed="2">
  <reporter-output>
  </reporter-output>
  <suite name="Suite" duration-ms="72" started-at="2020-07-17T18:27:57 IST" finished-at="2020-07-17T18:27:57 IST">
    <groups>
    </groups>
    <test name="Test" duration-ms="72" started-at="2020-07-17T18:27:57 IST" finished-at="2020-07-17T18:27:57 IST">
      <class name="Daterange.MonthTest">
        <test-method status="PASS" signature="Desktop()[pri:0, instance:Daterange.MonthTest@ea1a8d5]" name="Desktop" duration-ms="10" started-at="2020-07-17T18:27:57 IST" finished-at="2020-07-17T18:27:57 IST">
          <reporter-output>
          </reporter-output>
        </test-method> <!-- Desktop -->
        <test-method status="PASS" signature="Laptop()[pri:0, instance:Daterange.MonthTest@ea1a8d5]" name="Laptop" duration-ms="6" started-at="2020-07-17T18:27:57 IST" finished-at="2020-07-17T18:27:57 IST">
          <reporter-output>
          </reporter-output>
        </test-method> <!-- Laptop -->
      </class> <!-- Daterange.MonthTest -->
    </test> <!-- Test -->
  </suite> <!-- Suite -->
</testng-results>
