<?xml version="1.0" encoding="UTF-8"?>
<testng-results skipped="0" failed="0" ignored="0" total="1" passed="1">
  <reporter-output>
  </reporter-output>
  <suite name="Suite" duration-ms="5906" started-at="2020-07-17T19:37:05 IST" finished-at="2020-07-17T19:37:11 IST">
    <groups>
    </groups>
    <test name="Test" duration-ms="5906" started-at="2020-07-17T19:37:05 IST" finished-at="2020-07-17T19:37:11 IST">
      <class name="ExtendReports.ExtendReportDemo">
        <test-method status="PASS" signature="config()[pri:0, instance:ExtendReports.ExtendReportDemo@631330c]" name="config" is-config="true" duration-ms="188" started-at="2020-07-17T19:37:05 IST" finished-at="2020-07-17T19:37:05 IST">
          <reporter-output>
          </reporter-output>
        </test-method> <!-- config -->
        <test-method status="PASS" signature="InitialDemo()[pri:0, instance:ExtendReports.ExtendReportDemo@631330c]" name="InitialDemo" duration-ms="5680" started-at="2020-07-17T19:37:05 IST" finished-at="2020-07-17T19:37:11 IST">
          <reporter-output>
          </reporter-output>
        </test-method> <!-- InitialDemo -->
      </class> <!-- ExtendReports.ExtendReportDemo -->
    </test> <!-- Test -->
  </suite> <!-- Suite -->
</testng-results>
