<?xml version="1.0" encoding="UTF-8"?>
<!-- Generated by org.testng.reporters.JUnitXMLReporter -->
<testsuite hostname="abhishek" ignored="1" name="appliences" tests="3" failures="0" timestamp="2020-07-17T17:51:09 IST" time="0.018" errors="0">
  <testcase name="Mobile" time="0.002" classname="test.day3"/>
  <testcase name="Mobile" time="0.001" classname="test.day3"/>
  <testcase name="Mobile" time="0.002" classname="test.day3"/>
  <testcase name="Tv" time="0.0" classname="test.day3">
    <ignored/>
  </testcase> <!-- Tv -->
</testsuite> <!-- appliences -->
