<?xml version="1.0" encoding="UTF-8"?>
<!-- Generated by org.testng.reporters.JUnitXMLReporter -->
<testsuite hostname="abhishek" ignored="2" name="regression" tests="3" failures="0" timestamp="2020-05-31T01:56:35 IST" time="0.087" errors="0">
  <testcase name="Tv" time="0.014" classname="test.day3"/>
  <testcase name="Demo2" time="0.001" classname="test.day2"/>
  <testcase name="SecondTest" time="0.002" classname="test.Day1"/>
  <testcase name="Mobile" time="0.0" classname="test.day3">
    <ignored/>
  </testcase> <!-- Mobile -->
  <testcase name="Demo" time="0.0" classname="test.Day1">
    <ignored/>
  </testcase> <!-- Demo -->
</testsuite> <!-- regression -->
